<?xml version="1.0" encoding="UTF-8"?>
<!-- Generated by org.testng.reporters.JUnitXMLReporter -->
<testsuite hostname="DESKTOP-NRVKOD6" ignored="0" name="Command line test" tests="1" failures="1" timestamp="03 Jul 2021 17:05:08 GMT" time="4.047" errors="0">
  <testcase name="addCategoryName" time="0.914" classname="test.TestNGTest">
    <failure type="java.lang.NullPointerException">
      <![CDATA[java.lang.NullPointerException
at test.TestNGTest.addCategoryName(TestNGTest.java:31)
... Removed 34 stack frames]]>
    </failure>
  </testcase> <!-- addCategoryName -->
</testsuite> <!-- Command line test -->
